2018-12-25 22:21:08: 出现应用程序未处理的异常：2018/12/25 星期二 22:21:08
异常类型：InvalidOperationException
异常消息：ZhuCeRuanJianLibrary.ZhuCeMaPeiZhiWenJian 因其保护级别而不可访问。只能处理公共类型。
异常信息：   在 System.Xml.Serialization.TypeDesc.CheckSupported()
   在 System.Xml.Serialization.TypeScope.GetTypeDesc(Type type, MemberInfo source, Boolean directReference, Boolean throwOnError)
   在 System.Xml.Serialization.ModelScope.GetTypeModel(Type type, Boolean directReference)
   在 System.Xml.Serialization.XmlReflectionImporter.ImportTypeMapping(Type type, XmlRootAttribute root, String defaultNamespace)
   在 System.Xml.Serialization.XmlSerializer..ctor(Type type, String defaultNamespace)
   在 System.Xml.Serialization.XmlSerializer..ctor(Type type)
   在 XmlLibrary.XmlDataCfgMgr`1.Save(T obj) 位置 \\vmware-host\Shared Folders\J\类库\halcon工具\Vision\Vision架构dll36\MachineVision\XmlLibrary\XmlDataCfgMgr.cs:行号 124
   在 XmlLibrary.XmlDataCfgMgr`1.SaveV(T obj) 位置 \\vmware-host\Shared Folders\J\类库\halcon工具\Vision\Vision架构dll36\MachineVision\XmlLibrary\XmlDataCfgMgr.cs:行号 112
   在 ZhuCeRuanJianLibrary.UI.ZhuCeRuanJianFrm.button_ZhuCeRuanJian_Click(Object sender, EventArgs e) 位置 \\vmware-host\Shared Folders\J\类库\halcon工具\Vision\Vision架构dll36\MachineVision\ZhuCeRuanJianLibrary\UI\ZhuCeRuanJianFrm.cs:行号 31
   在 System.Windows.Forms.Control.OnClick(EventArgs e)
   在 System.Windows.Forms.Button.OnClick(EventArgs e)
   在 System.Windows.Forms.Button.OnMouseUp(MouseEventArgs mevent)
   在 System.Windows.Forms.Control.WmMouseUp(Message& m, MouseButtons button, Int32 clicks)
   在 System.Windows.Forms.Control.WndProc(Message& m)
   在 System.Windows.Forms.ButtonBase.WndProc(Message& m)
   在 System.Windows.Forms.Button.WndProc(Message& m)
   在 System.Windows.Forms.Control.ControlNativeWindow.OnMessage(Message& m)
   在 System.Windows.Forms.Control.ControlNativeWindow.WndProc(Message& m)
   在 System.Windows.Forms.NativeWindow.Callback(IntPtr hWnd, Int32 msg, IntPtr wparam, IntPtr lparam)

2018-12-25 22:21:11: 出现应用程序未处理的异常：2018/12/25 星期二 22:21:11
异常类型：InvalidOperationException
异常消息：ZhuCeRuanJianLibrary.ZhuCeMaPeiZhiWenJian 因其保护级别而不可访问。只能处理公共类型。
异常信息：   在 System.Xml.Serialization.TypeDesc.CheckSupported()
   在 System.Xml.Serialization.TypeScope.GetTypeDesc(Type type, MemberInfo source, Boolean directReference, Boolean throwOnError)
   在 System.Xml.Serialization.ModelScope.GetTypeModel(Type type, Boolean directReference)
   在 System.Xml.Serialization.XmlReflectionImporter.ImportTypeMapping(Type type, XmlRootAttribute root, String defaultNamespace)
   在 System.Xml.Serialization.XmlSerializer..ctor(Type type, String defaultNamespace)
   在 System.Xml.Serialization.XmlSerializer..ctor(Type type)
   在 XmlLibrary.XmlDataCfgMgr`1.Save(T obj) 位置 \\vmware-host\Shared Folders\J\类库\halcon工具\Vision\Vision架构dll36\MachineVision\XmlLibrary\XmlDataCfgMgr.cs:行号 124
   在 XmlLibrary.XmlDataCfgMgr`1.SaveV(T obj) 位置 \\vmware-host\Shared Folders\J\类库\halcon工具\Vision\Vision架构dll36\MachineVision\XmlLibrary\XmlDataCfgMgr.cs:行号 112
   在 ZhuCeRuanJianLibrary.UI.ZhuCeRuanJianFrm.button_ZhuCeRuanJian_Click(Object sender, EventArgs e) 位置 \\vmware-host\Shared Folders\J\类库\halcon工具\Vision\Vision架构dll36\MachineVision\ZhuCeRuanJianLibrary\UI\ZhuCeRuanJianFrm.cs:行号 31
   在 System.Windows.Forms.Control.OnClick(EventArgs e)
   在 System.Windows.Forms.Button.OnClick(EventArgs e)
   在 System.Windows.Forms.Button.OnMouseUp(MouseEventArgs mevent)
   在 System.Windows.Forms.Control.WmMouseUp(Message& m, MouseButtons button, Int32 clicks)
   在 System.Windows.Forms.Control.WndProc(Message& m)
   在 System.Windows.Forms.ButtonBase.WndProc(Message& m)
   在 System.Windows.Forms.Button.WndProc(Message& m)
   在 System.Windows.Forms.Control.ControlNativeWindow.OnMessage(Message& m)
   在 System.Windows.Forms.Control.ControlNativeWindow.WndProc(Message& m)
   在 System.Windows.Forms.NativeWindow.Callback(IntPtr hWnd, Int32 msg, IntPtr wparam, IntPtr lparam)

2018-12-25 22:21:16: 出现应用程序未处理的异常：2018/12/25 星期二 22:21:16
异常类型：InvalidOperationException
异常消息：ZhuCeRuanJianLibrary.ZhuCeMaPeiZhiWenJian 因其保护级别而不可访问。只能处理公共类型。
异常信息：   在 System.Xml.Serialization.TypeDesc.CheckSupported()
   在 System.Xml.Serialization.TypeScope.GetTypeDesc(Type type, MemberInfo source, Boolean directReference, Boolean throwOnError)
   在 System.Xml.Serialization.ModelScope.GetTypeModel(Type type, Boolean directReference)
   在 System.Xml.Serialization.XmlReflectionImporter.ImportTypeMapping(Type type, XmlRootAttribute root, String defaultNamespace)
   在 System.Xml.Serialization.XmlSerializer..ctor(Type type, String defaultNamespace)
   在 System.Xml.Serialization.XmlSerializer..ctor(Type type)
   在 XmlLibrary.XmlDataCfgMgr`1.Save(T obj) 位置 \\vmware-host\Shared Folders\J\类库\halcon工具\Vision\Vision架构dll36\MachineVision\XmlLibrary\XmlDataCfgMgr.cs:行号 124
   在 XmlLibrary.XmlDataCfgMgr`1.SaveV(T obj) 位置 \\vmware-host\Shared Folders\J\类库\halcon工具\Vision\Vision架构dll36\MachineVision\XmlLibrary\XmlDataCfgMgr.cs:行号 112
   在 ZhuCeRuanJianLibrary.UI.ZhuCeRuanJianFrm.button_ZhuCeRuanJian_Click(Object sender, EventArgs e) 位置 \\vmware-host\Shared Folders\J\类库\halcon工具\Vision\Vision架构dll36\MachineVision\ZhuCeRuanJianLibrary\UI\ZhuCeRuanJianFrm.cs:行号 31
   在 System.Windows.Forms.Control.OnClick(EventArgs e)
   在 System.Windows.Forms.Button.OnClick(EventArgs e)
   在 System.Windows.Forms.Button.OnMouseUp(MouseEventArgs mevent)
   在 System.Windows.Forms.Control.WmMouseUp(Message& m, MouseButtons button, Int32 clicks)
   在 System.Windows.Forms.Control.WndProc(Message& m)
   在 System.Windows.Forms.ButtonBase.WndProc(Message& m)
   在 System.Windows.Forms.Button.WndProc(Message& m)
   在 System.Windows.Forms.Control.ControlNativeWindow.OnMessage(Message& m)
   在 System.Windows.Forms.Control.ControlNativeWindow.WndProc(Message& m)
   在 System.Windows.Forms.NativeWindow.Callback(IntPtr hWnd, Int32 msg, IntPtr wparam, IntPtr lparam)

2018-12-25 22:22:52: 出现应用程序未处理的异常：2018/12/25 星期二 22:22:51
异常类型：InvalidOperationException
异常消息：ZhuCeRuanJianLibrary.ZhuCeMaPeiZhiWenJian 因其保护级别而不可访问。只能处理公共类型。
异常信息：   在 System.Xml.Serialization.TypeDesc.CheckSupported()
   在 System.Xml.Serialization.TypeScope.GetTypeDesc(Type type, MemberInfo source, Boolean directReference, Boolean throwOnError)
   在 System.Xml.Serialization.ModelScope.GetTypeModel(Type type, Boolean directReference)
   在 System.Xml.Serialization.XmlReflectionImporter.ImportTypeMapping(Type type, XmlRootAttribute root, String defaultNamespace)
   在 System.Xml.Serialization.XmlSerializer..ctor(Type type, String defaultNamespace)
   在 System.Xml.Serialization.XmlSerializer..ctor(Type type)
   在 XmlLibrary.XmlDataCfgMgr`1.Save(T obj) 位置 \\vmware-host\Shared Folders\J\类库\halcon工具\Vision\Vision架构dll36\MachineVision\XmlLibrary\XmlDataCfgMgr.cs:行号 124
   在 XmlLibrary.XmlDataCfgMgr`1.SaveV(T obj) 位置 \\vmware-host\Shared Folders\J\类库\halcon工具\Vision\Vision架构dll36\MachineVision\XmlLibrary\XmlDataCfgMgr.cs:行号 112
   在 ZhuCeRuanJianLibrary.UI.ZhuCeRuanJianFrm.button_ZhuCeRuanJian_Click(Object sender, EventArgs e) 位置 \\vmware-host\Shared Folders\J\类库\halcon工具\Vision\Vision架构dll36\MachineVision\ZhuCeRuanJianLibrary\UI\ZhuCeRuanJianFrm.cs:行号 31
   在 System.Windows.Forms.Control.OnClick(EventArgs e)
   在 System.Windows.Forms.Button.OnClick(EventArgs e)
   在 System.Windows.Forms.Button.OnMouseUp(MouseEventArgs mevent)
   在 System.Windows.Forms.Control.WmMouseUp(Message& m, MouseButtons button, Int32 clicks)
   在 System.Windows.Forms.Control.WndProc(Message& m)
   在 System.Windows.Forms.ButtonBase.WndProc(Message& m)
   在 System.Windows.Forms.Button.WndProc(Message& m)
   在 System.Windows.Forms.Control.ControlNativeWindow.OnMessage(Message& m)
   在 System.Windows.Forms.Control.ControlNativeWindow.WndProc(Message& m)
   在 System.Windows.Forms.NativeWindow.Callback(IntPtr hWnd, Int32 msg, IntPtr wparam, IntPtr lparam)

2018-12-25 22:22:53: 出现应用程序未处理的异常：2018/12/25 星期二 22:22:53
异常类型：InvalidOperationException
异常消息：ZhuCeRuanJianLibrary.ZhuCeMaPeiZhiWenJian 因其保护级别而不可访问。只能处理公共类型。
异常信息：   在 System.Xml.Serialization.TypeDesc.CheckSupported()
   在 System.Xml.Serialization.TypeScope.GetTypeDesc(Type type, MemberInfo source, Boolean directReference, Boolean throwOnError)
   在 System.Xml.Serialization.ModelScope.GetTypeModel(Type type, Boolean directReference)
   在 System.Xml.Serialization.XmlReflectionImporter.ImportTypeMapping(Type type, XmlRootAttribute root, String defaultNamespace)
   在 System.Xml.Serialization.XmlSerializer..ctor(Type type, String defaultNamespace)
   在 System.Xml.Serialization.XmlSerializer..ctor(Type type)
   在 XmlLibrary.XmlDataCfgMgr`1.Save(T obj) 位置 \\vmware-host\Shared Folders\J\类库\halcon工具\Vision\Vision架构dll36\MachineVision\XmlLibrary\XmlDataCfgMgr.cs:行号 124
   在 XmlLibrary.XmlDataCfgMgr`1.SaveV(T obj) 位置 \\vmware-host\Shared Folders\J\类库\halcon工具\Vision\Vision架构dll36\MachineVision\XmlLibrary\XmlDataCfgMgr.cs:行号 112
   在 ZhuCeRuanJianLibrary.UI.ZhuCeRuanJianFrm.button_ZhuCeRuanJian_Click(Object sender, EventArgs e) 位置 \\vmware-host\Shared Folders\J\类库\halcon工具\Vision\Vision架构dll36\MachineVision\ZhuCeRuanJianLibrary\UI\ZhuCeRuanJianFrm.cs:行号 31
   在 System.Windows.Forms.Control.OnClick(EventArgs e)
   在 System.Windows.Forms.Button.OnClick(EventArgs e)
   在 System.Windows.Forms.Button.OnMouseUp(MouseEventArgs mevent)
   在 System.Windows.Forms.Control.WmMouseUp(Message& m, MouseButtons button, Int32 clicks)
   在 System.Windows.Forms.Control.WndProc(Message& m)
   在 System.Windows.Forms.ButtonBase.WndProc(Message& m)
   在 System.Windows.Forms.Button.WndProc(Message& m)
   在 System.Windows.Forms.Control.ControlNativeWindow.OnMessage(Message& m)
   在 System.Windows.Forms.Control.ControlNativeWindow.WndProc(Message& m)
   在 System.Windows.Forms.NativeWindow.Callback(IntPtr hWnd, Int32 msg, IntPtr wparam, IntPtr lparam)

2018-12-25 22:26:15: 出现应用程序未处理的异常：2018/12/25 星期二 22:26:15
异常类型：InvalidOperationException
异常消息：ZhuCeRuanJianLibrary.ZhuCeMaPeiZhiWenJian 因其保护级别而不可访问。只能处理公共类型。
异常信息：   在 System.Xml.Serialization.TypeDesc.CheckSupported()
   在 System.Xml.Serialization.TypeScope.GetTypeDesc(Type type, MemberInfo source, Boolean directReference, Boolean throwOnError)
   在 System.Xml.Serialization.ModelScope.GetTypeModel(Type type, Boolean directReference)
   在 System.Xml.Serialization.XmlReflectionImporter.ImportTypeMapping(Type type, XmlRootAttribute root, String defaultNamespace)
   在 System.Xml.Serialization.XmlSerializer..ctor(Type type, String defaultNamespace)
   在 System.Xml.Serialization.XmlSerializer..ctor(Type type)
   在 XmlLibrary.XmlDataCfgMgr`1.Save(T obj) 位置 \\vmware-host\Shared Folders\J\类库\halcon工具\Vision\Vision架构dll36\MachineVision\XmlLibrary\XmlDataCfgMgr.cs:行号 124
   在 XmlLibrary.XmlDataCfgMgr`1.SaveV(T obj) 位置 \\vmware-host\Shared Folders\J\类库\halcon工具\Vision\Vision架构dll36\MachineVision\XmlLibrary\XmlDataCfgMgr.cs:行号 112
   在 ZhuCeRuanJianLibrary.UI.ZhuCeRuanJianFrm.button_ZhuCeRuanJian_Click(Object sender, EventArgs e) 位置 \\vmware-host\Shared Folders\J\类库\halcon工具\Vision\Vision架构dll36\MachineVision\ZhuCeRuanJianLibrary\UI\ZhuCeRuanJianFrm.cs:行号 31
   在 System.Windows.Forms.Control.OnClick(EventArgs e)
   在 System.Windows.Forms.Button.OnClick(EventArgs e)
   在 System.Windows.Forms.Button.OnMouseUp(MouseEventArgs mevent)
   在 System.Windows.Forms.Control.WmMouseUp(Message& m, MouseButtons button, Int32 clicks)
   在 System.Windows.Forms.Control.WndProc(Message& m)
   在 System.Windows.Forms.ButtonBase.WndProc(Message& m)
   在 System.Windows.Forms.Button.WndProc(Message& m)
   在 System.Windows.Forms.Control.ControlNativeWindow.OnMessage(Message& m)
   在 System.Windows.Forms.Control.ControlNativeWindow.WndProc(Message& m)
   在 System.Windows.Forms.NativeWindow.Callback(IntPtr hWnd, Int32 msg, IntPtr wparam, IntPtr lparam)

2018-12-25 22:27:09: 出现应用程序未处理的异常：2018/12/25 星期二 22:27:09
异常类型：InvalidOperationException
异常消息：ZhuCeRuanJianLibrary.ZhuCeMaPeiZhiWenJian 因其保护级别而不可访问。只能处理公共类型。
异常信息：   在 System.Xml.Serialization.TypeDesc.CheckSupported()
   在 System.Xml.Serialization.TypeScope.GetTypeDesc(Type type, MemberInfo source, Boolean directReference, Boolean throwOnError)
   在 System.Xml.Serialization.ModelScope.GetTypeModel(Type type, Boolean directReference)
   在 System.Xml.Serialization.XmlReflectionImporter.ImportTypeMapping(Type type, XmlRootAttribute root, String defaultNamespace)
   在 System.Xml.Serialization.XmlSerializer..ctor(Type type, String defaultNamespace)
   在 System.Xml.Serialization.XmlSerializer..ctor(Type type)
   在 XmlLibrary.XmlDataCfgMgr`1.Save(T obj) 位置 \\vmware-host\Shared Folders\J\类库\halcon工具\Vision\Vision架构dll36\MachineVision\XmlLibrary\XmlDataCfgMgr.cs:行号 124
   在 XmlLibrary.XmlDataCfgMgr`1.SaveV(T obj) 位置 \\vmware-host\Shared Folders\J\类库\halcon工具\Vision\Vision架构dll36\MachineVision\XmlLibrary\XmlDataCfgMgr.cs:行号 112
   在 ZhuCeRuanJianLibrary.UI.ZhuCeRuanJianFrm.button_ZhuCeRuanJian_Click(Object sender, EventArgs e) 位置 \\vmware-host\Shared Folders\J\类库\halcon工具\Vision\Vision架构dll36\MachineVision\ZhuCeRuanJianLibrary\UI\ZhuCeRuanJianFrm.cs:行号 31
   在 System.Windows.Forms.Control.OnClick(EventArgs e)
   在 System.Windows.Forms.Button.OnClick(EventArgs e)
   在 System.Windows.Forms.Button.OnMouseUp(MouseEventArgs mevent)
   在 System.Windows.Forms.Control.WmMouseUp(Message& m, MouseButtons button, Int32 clicks)
   在 System.Windows.Forms.Control.WndProc(Message& m)
   在 System.Windows.Forms.ButtonBase.WndProc(Message& m)
   在 System.Windows.Forms.Button.WndProc(Message& m)
   在 System.Windows.Forms.Control.ControlNativeWindow.OnMessage(Message& m)
   在 System.Windows.Forms.Control.ControlNativeWindow.WndProc(Message& m)
   在 System.Windows.Forms.NativeWindow.Callback(IntPtr hWnd, Int32 msg, IntPtr wparam, IntPtr lparam)

2018-12-25 22:27:42: 出现应用程序未处理的异常：2018/12/25 星期二 22:27:42
异常类型：InvalidOperationException
异常消息：ZhuCeRuanJianLibrary.ZhuCeMaPeiZhiWenJian 因其保护级别而不可访问。只能处理公共类型。
异常信息：   在 System.Xml.Serialization.TypeDesc.CheckSupported()
   在 System.Xml.Serialization.TypeScope.GetTypeDesc(Type type, MemberInfo source, Boolean directReference, Boolean throwOnError)
   在 System.Xml.Serialization.ModelScope.GetTypeModel(Type type, Boolean directReference)
   在 System.Xml.Serialization.XmlReflectionImporter.ImportTypeMapping(Type type, XmlRootAttribute root, String defaultNamespace)
   在 System.Xml.Serialization.XmlSerializer..ctor(Type type, String defaultNamespace)
   在 System.Xml.Serialization.XmlSerializer..ctor(Type type)
   在 XmlLibrary.XmlDataCfgMgr`1.Save(T obj) 位置 \\vmware-host\Shared Folders\J\类库\halcon工具\Vision\Vision架构dll36\MachineVision\XmlLibrary\XmlDataCfgMgr.cs:行号 124
   在 XmlLibrary.XmlDataCfgMgr`1.SaveV(T obj) 位置 \\vmware-host\Shared Folders\J\类库\halcon工具\Vision\Vision架构dll36\MachineVision\XmlLibrary\XmlDataCfgMgr.cs:行号 112
   在 ZhuCeRuanJianLibrary.UI.ZhuCeRuanJianFrm.button_ZhuCeRuanJian_Click(Object sender, EventArgs e) 位置 \\vmware-host\Shared Folders\J\类库\halcon工具\Vision\Vision架构dll36\MachineVision\ZhuCeRuanJianLibrary\UI\ZhuCeRuanJianFrm.cs:行号 31
   在 System.Windows.Forms.Control.OnClick(EventArgs e)
   在 System.Windows.Forms.Button.OnClick(EventArgs e)
   在 System.Windows.Forms.Button.OnMouseUp(MouseEventArgs mevent)
   在 System.Windows.Forms.Control.WmMouseUp(Message& m, MouseButtons button, Int32 clicks)
   在 System.Windows.Forms.Control.WndProc(Message& m)
   在 System.Windows.Forms.ButtonBase.WndProc(Message& m)
   在 System.Windows.Forms.Button.WndProc(Message& m)
   在 System.Windows.Forms.Control.ControlNativeWindow.OnMessage(Message& m)
   在 System.Windows.Forms.Control.ControlNativeWindow.WndProc(Message& m)
   在 System.Windows.Forms.NativeWindow.Callback(IntPtr hWnd, Int32 msg, IntPtr wparam, IntPtr lparam)

2018-12-25 22:28:26: 出现应用程序未处理的异常：2018/12/25 星期二 22:28:26
异常类型：InvalidOperationException
异常消息：ZhuCeRuanJianLibrary.ZhuCeMaPeiZhiWenJian 因其保护级别而不可访问。只能处理公共类型。
异常信息：   在 System.Xml.Serialization.TypeDesc.CheckSupported()
   在 System.Xml.Serialization.TypeScope.GetTypeDesc(Type type, MemberInfo source, Boolean directReference, Boolean throwOnError)
   在 System.Xml.Serialization.ModelScope.GetTypeModel(Type type, Boolean directReference)
   在 System.Xml.Serialization.XmlReflectionImporter.ImportTypeMapping(Type type, XmlRootAttribute root, String defaultNamespace)
   在 System.Xml.Serialization.XmlSerializer..ctor(Type type, String defaultNamespace)
   在 System.Xml.Serialization.XmlSerializer..ctor(Type type)
   在 XmlLibrary.XmlDataCfgMgr`1.Save(T obj) 位置 \\vmware-host\Shared Folders\J\类库\halcon工具\Vision\Vision架构dll36\MachineVision\XmlLibrary\XmlDataCfgMgr.cs:行号 124
   在 XmlLibrary.XmlDataCfgMgr`1.SaveV(T obj) 位置 \\vmware-host\Shared Folders\J\类库\halcon工具\Vision\Vision架构dll36\MachineVision\XmlLibrary\XmlDataCfgMgr.cs:行号 112
   在 ZhuCeRuanJianLibrary.UI.ZhuCeRuanJianFrm.button_ZhuCeRuanJian_Click(Object sender, EventArgs e) 位置 \\vmware-host\Shared Folders\J\类库\halcon工具\Vision\Vision架构dll36\MachineVision\ZhuCeRuanJianLibrary\UI\ZhuCeRuanJianFrm.cs:行号 31
   在 System.Windows.Forms.Control.OnClick(EventArgs e)
   在 System.Windows.Forms.Button.OnClick(EventArgs e)
   在 System.Windows.Forms.Button.OnMouseUp(MouseEventArgs mevent)
   在 System.Windows.Forms.Control.WmMouseUp(Message& m, MouseButtons button, Int32 clicks)
   在 System.Windows.Forms.Control.WndProc(Message& m)
   在 System.Windows.Forms.ButtonBase.WndProc(Message& m)
   在 System.Windows.Forms.Button.WndProc(Message& m)
   在 System.Windows.Forms.Control.ControlNativeWindow.OnMessage(Message& m)
   在 System.Windows.Forms.Control.ControlNativeWindow.WndProc(Message& m)
   在 System.Windows.Forms.NativeWindow.Callback(IntPtr hWnd, Int32 msg, IntPtr wparam, IntPtr lparam)

