2018-12-06 16:53:35: 出现应用程序未处理的异常：2018/12/6 星期四 16:53:35
异常类型：HOperatorException
异常消息：HALCON error #3101: Unknown feature in operator select_shape
异常信息：   在 HalconDotNet.HOperatorException.throwOperator(Int32 err, Int32 procIndex)
   在 HalconDotNet.HalconAPI.PostCall(IntPtr proc, Int32 procResult)
   在 HalconDotNet.HOperatorSet.SelectShape(HObject regions, HObject& selectedRegions, HTuple features, HTuple operation, HTuple min, HTuple max)
   在 BlobLibrary.BlobShuJu.analyze_show(HWindow hwin, String Key, Dictionary`2& _dictionary_resulte)
   在 BlobLibrary.UI.BlobFrm.run()
   在 BlobLibrary.UI.BlobFrm.bnt_QueDingCanShuJu_Click(Object sender, EventArgs e)
   在 System.Windows.Forms.Control.OnClick(EventArgs e)
   在 System.Windows.Forms.Button.OnClick(EventArgs e)
   在 System.Windows.Forms.Button.OnMouseUp(MouseEventArgs mevent)
   在 System.Windows.Forms.Control.WmMouseUp(Message& m, MouseButtons button, Int32 clicks)
   在 System.Windows.Forms.Control.WndProc(Message& m)
   在 System.Windows.Forms.ButtonBase.WndProc(Message& m)
   在 System.Windows.Forms.Button.WndProc(Message& m)
   在 System.Windows.Forms.Control.ControlNativeWindow.OnMessage(Message& m)
   在 System.Windows.Forms.Control.ControlNativeWindow.WndProc(Message& m)
   在 System.Windows.Forms.NativeWindow.Callback(IntPtr hWnd, Int32 msg, IntPtr wparam, IntPtr lparam)

2018-12-06 16:53:36: 出现应用程序未处理的异常：2018/12/6 星期四 16:53:36
异常类型：HOperatorException
异常消息：HALCON error #3101: Unknown feature in operator select_shape
异常信息：   在 HalconDotNet.HOperatorException.throwOperator(Int32 err, Int32 procIndex)
   在 HalconDotNet.HalconAPI.PostCall(IntPtr proc, Int32 procResult)
   在 HalconDotNet.HOperatorSet.SelectShape(HObject regions, HObject& selectedRegions, HTuple features, HTuple operation, HTuple min, HTuple max)
   在 BlobLibrary.BlobShuJu.analyze_show(HWindow hwin, String Key, Dictionary`2& _dictionary_resulte)
   在 BlobLibrary.UI.BlobFrm.run()
   在 BlobLibrary.UI.BlobFrm.tSB_run_one_Click(Object sender, EventArgs e)
   在 System.Windows.Forms.ToolStripItem.RaiseEvent(Object key, EventArgs e)
   在 System.Windows.Forms.ToolStripButton.OnClick(EventArgs e)
   在 System.Windows.Forms.ToolStripItem.HandleClick(EventArgs e)
   在 System.Windows.Forms.ToolStripItem.HandleMouseUp(MouseEventArgs e)
   在 System.Windows.Forms.ToolStripItem.FireEventInteractive(EventArgs e, ToolStripItemEventType met)
   在 System.Windows.Forms.ToolStripItem.FireEvent(EventArgs e, ToolStripItemEventType met)
   在 System.Windows.Forms.ToolStrip.OnMouseUp(MouseEventArgs mea)
   在 System.Windows.Forms.Control.WmMouseUp(Message& m, MouseButtons button, Int32 clicks)
   在 System.Windows.Forms.Control.WndProc(Message& m)
   在 System.Windows.Forms.ScrollableControl.WndProc(Message& m)
   在 System.Windows.Forms.ToolStrip.WndProc(Message& m)
   在 System.Windows.Forms.Control.ControlNativeWindow.OnMessage(Message& m)
   在 System.Windows.Forms.Control.ControlNativeWindow.WndProc(Message& m)
   在 System.Windows.Forms.NativeWindow.Callback(IntPtr hWnd, Int32 msg, IntPtr wparam, IntPtr lparam)

2018-12-06 16:53:45: 出现应用程序未处理的异常：2018/12/6 星期四 16:53:45
异常类型：HOperatorException
异常消息：HALCON error #3101: Unknown feature in operator select_shape
异常信息：   在 HalconDotNet.HOperatorException.throwOperator(Int32 err, Int32 procIndex)
   在 HalconDotNet.HalconAPI.PostCall(IntPtr proc, Int32 procResult)
   在 HalconDotNet.HOperatorSet.SelectShape(HObject regions, HObject& selectedRegions, HTuple features, HTuple operation, HTuple min, HTuple max)
   在 BlobLibrary.BlobShuJu.analyze_show(HWindow hwin, String Key, Dictionary`2& _dictionary_resulte)
   在 BlobLibrary.UI.BlobFrm.run()
   在 BlobLibrary.UI.BlobFrm.bnt_QueDingCanShuJu_Click(Object sender, EventArgs e)
   在 System.Windows.Forms.Control.OnClick(EventArgs e)
   在 System.Windows.Forms.Button.OnClick(EventArgs e)
   在 System.Windows.Forms.Button.OnMouseUp(MouseEventArgs mevent)
   在 System.Windows.Forms.Control.WmMouseUp(Message& m, MouseButtons button, Int32 clicks)
   在 System.Windows.Forms.Control.WndProc(Message& m)
   在 System.Windows.Forms.ButtonBase.WndProc(Message& m)
   在 System.Windows.Forms.Button.WndProc(Message& m)
   在 System.Windows.Forms.Control.ControlNativeWindow.OnMessage(Message& m)
   在 System.Windows.Forms.Control.ControlNativeWindow.WndProc(Message& m)
   在 System.Windows.Forms.NativeWindow.Callback(IntPtr hWnd, Int32 msg, IntPtr wparam, IntPtr lparam)

2018-12-06 16:53:49: 出现应用程序未处理的异常：2018/12/6 星期四 16:53:49
异常类型：HOperatorException
异常消息：HALCON error #3101: Unknown feature in operator select_shape
异常信息：   在 HalconDotNet.HOperatorException.throwOperator(Int32 err, Int32 procIndex)
   在 HalconDotNet.HalconAPI.PostCall(IntPtr proc, Int32 procResult)
   在 HalconDotNet.HOperatorSet.SelectShape(HObject regions, HObject& selectedRegions, HTuple features, HTuple operation, HTuple min, HTuple max)
   在 BlobLibrary.BlobShuJu.analyze_show(HWindow hwin, String Key, Dictionary`2& _dictionary_resulte)
   在 BlobLibrary.UI.BlobFrm.run()
   在 BlobLibrary.UI.BlobFrm.bnt_QueDingCanShuJu_Click(Object sender, EventArgs e)
   在 System.Windows.Forms.Control.OnClick(EventArgs e)
   在 System.Windows.Forms.Button.OnClick(EventArgs e)
   在 System.Windows.Forms.Button.OnMouseUp(MouseEventArgs mevent)
   在 System.Windows.Forms.Control.WmMouseUp(Message& m, MouseButtons button, Int32 clicks)
   在 System.Windows.Forms.Control.WndProc(Message& m)
   在 System.Windows.Forms.ButtonBase.WndProc(Message& m)
   在 System.Windows.Forms.Button.WndProc(Message& m)
   在 System.Windows.Forms.Control.ControlNativeWindow.OnMessage(Message& m)
   在 System.Windows.Forms.Control.ControlNativeWindow.WndProc(Message& m)
   在 System.Windows.Forms.NativeWindow.Callback(IntPtr hWnd, Int32 msg, IntPtr wparam, IntPtr lparam)

2018-12-06 16:53:50: 出现应用程序未处理的异常：2018/12/6 星期四 16:53:50
异常类型：HOperatorException
异常消息：HALCON error #3101: Unknown feature in operator select_shape
异常信息：   在 HalconDotNet.HOperatorException.throwOperator(Int32 err, Int32 procIndex)
   在 HalconDotNet.HalconAPI.PostCall(IntPtr proc, Int32 procResult)
   在 HalconDotNet.HOperatorSet.SelectShape(HObject regions, HObject& selectedRegions, HTuple features, HTuple operation, HTuple min, HTuple max)
   在 BlobLibrary.BlobShuJu.analyze_show(HWindow hwin, String Key, Dictionary`2& _dictionary_resulte)
   在 BlobLibrary.UI.BlobFrm.run()
   在 BlobLibrary.UI.BlobFrm.tSB_run_one_Click(Object sender, EventArgs e)
   在 System.Windows.Forms.ToolStripItem.RaiseEvent(Object key, EventArgs e)
   在 System.Windows.Forms.ToolStripButton.OnClick(EventArgs e)
   在 System.Windows.Forms.ToolStripItem.HandleClick(EventArgs e)
   在 System.Windows.Forms.ToolStripItem.HandleMouseUp(MouseEventArgs e)
   在 System.Windows.Forms.ToolStripItem.FireEventInteractive(EventArgs e, ToolStripItemEventType met)
   在 System.Windows.Forms.ToolStripItem.FireEvent(EventArgs e, ToolStripItemEventType met)
   在 System.Windows.Forms.ToolStrip.OnMouseUp(MouseEventArgs mea)
   在 System.Windows.Forms.Control.WmMouseUp(Message& m, MouseButtons button, Int32 clicks)
   在 System.Windows.Forms.Control.WndProc(Message& m)
   在 System.Windows.Forms.ScrollableControl.WndProc(Message& m)
   在 System.Windows.Forms.ToolStrip.WndProc(Message& m)
   在 System.Windows.Forms.Control.ControlNativeWindow.OnMessage(Message& m)
   在 System.Windows.Forms.Control.ControlNativeWindow.WndProc(Message& m)
   在 System.Windows.Forms.NativeWindow.Callback(IntPtr hWnd, Int32 msg, IntPtr wparam, IntPtr lparam)

2018-12-06 16:54:28: 出现应用程序未处理的异常：2018/12/6 星期四 16:54:28
异常类型：HOperatorException
异常消息：HALCON error #3101: Unknown feature in operator select_shape
异常信息：   在 HalconDotNet.HOperatorException.throwOperator(Int32 err, Int32 procIndex)
   在 HalconDotNet.HalconAPI.PostCall(IntPtr proc, Int32 procResult)
   在 HalconDotNet.HOperatorSet.SelectShape(HObject regions, HObject& selectedRegions, HTuple features, HTuple operation, HTuple min, HTuple max)
   在 BlobLibrary.BlobShuJu.analyze_show(HWindow hwin, String Key, Dictionary`2& _dictionary_resulte)
   在 BlobLibrary.UI.BlobFrm.run()
   在 BlobLibrary.UI.BlobFrm.tSB_run_one_Click(Object sender, EventArgs e)
   在 System.Windows.Forms.ToolStripItem.RaiseEvent(Object key, EventArgs e)
   在 System.Windows.Forms.ToolStripButton.OnClick(EventArgs e)
   在 System.Windows.Forms.ToolStripItem.HandleClick(EventArgs e)
   在 System.Windows.Forms.ToolStripItem.HandleMouseUp(MouseEventArgs e)
   在 System.Windows.Forms.ToolStripItem.FireEventInteractive(EventArgs e, ToolStripItemEventType met)
   在 System.Windows.Forms.ToolStripItem.FireEvent(EventArgs e, ToolStripItemEventType met)
   在 System.Windows.Forms.ToolStrip.OnMouseUp(MouseEventArgs mea)
   在 System.Windows.Forms.Control.WmMouseUp(Message& m, MouseButtons button, Int32 clicks)
   在 System.Windows.Forms.Control.WndProc(Message& m)
   在 System.Windows.Forms.ScrollableControl.WndProc(Message& m)
   在 System.Windows.Forms.ToolStrip.WndProc(Message& m)
   在 System.Windows.Forms.Control.ControlNativeWindow.OnMessage(Message& m)
   在 System.Windows.Forms.Control.ControlNativeWindow.WndProc(Message& m)
   在 System.Windows.Forms.NativeWindow.Callback(IntPtr hWnd, Int32 msg, IntPtr wparam, IntPtr lparam)

